<?xml version="1.0" encoding="UTF-8"?>
<testng-results skipped="0" failed="0" total="2" passed="2">
  <reporter-output>
  </reporter-output>
  <suite name="Suite" duration-ms="3505" started-at="2019-11-07T12:23:00Z" finished-at="2019-11-07T12:23:04Z">
    <groups>
      <group name="cucumber">
        <method signature="AbstractTestNGCucumberTests.runScenario(cucumber.api.testng.PickleEventWrapper, cucumber.api.testng.CucumberFeatureWrapper)[pri:0, instance:Runner.RunCuke@7085bdee]" name="runScenario" class="cucumber.api.testng.AbstractTestNGCucumberTests"/>
      </group> <!-- cucumber -->
    </groups>
    <test name="Test" duration-ms="3505" started-at="2019-11-07T12:23:00Z" finished-at="2019-11-07T12:23:04Z">
      <class name="Runner.RunCuke">
        <test-method status="PASS" signature="setUpClass()[pri:0, instance:Runner.RunCuke@7085bdee]" name="setUpClass" is-config="true" duration-ms="160" started-at="2019-11-07T17:53:00Z" finished-at="2019-11-07T17:53:00Z">
          <reporter-output>
          </reporter-output>
        </test-method> <!-- setUpClass -->
        <test-method status="PASS" signature="runScenario(cucumber.api.testng.PickleEventWrapper, cucumber.api.testng.CucumberFeatureWrapper)[pri:0, instance:Runner.RunCuke@7085bdee]" name="runScenario" duration-ms="2944" started-at="2019-11-07T17:53:00Z" description="Runs Cucumber Scenarios" data-provider="scenarios" finished-at="2019-11-07T17:53:03Z">
          <params>
            <param index="0">
              <value>
                <![CDATA["Validate Create Customer API with valid auth key"]]>
              </value>
            </param>
            <param index="1">
              <value>
                <![CDATA["Test Customer API with different functionality"]]>
              </value>
            </param>
          </params>
          <reporter-output>
          </reporter-output>
        </test-method> <!-- runScenario -->
        <test-method status="PASS" signature="runScenario(cucumber.api.testng.PickleEventWrapper, cucumber.api.testng.CucumberFeatureWrapper)[pri:0, instance:Runner.RunCuke@7085bdee]" name="runScenario" duration-ms="285" started-at="2019-11-07T17:53:03Z" description="Runs Cucumber Scenarios" data-provider="scenarios" finished-at="2019-11-07T17:53:04Z">
          <params>
            <param index="0">
              <value>
                <![CDATA["Validate Create Customer API with in-valid auth key"]]>
              </value>
            </param>
            <param index="1">
              <value>
                <![CDATA["Test Customer API with different functionality"]]>
              </value>
            </param>
          </params>
          <reporter-output>
          </reporter-output>
        </test-method> <!-- runScenario -->
        <test-method status="PASS" signature="tearDownClass()[pri:0, instance:Runner.RunCuke@7085bdee]" name="tearDownClass" is-config="true" duration-ms="47" started-at="2019-11-07T17:53:04Z" finished-at="2019-11-07T17:53:04Z">
          <reporter-output>
          </reporter-output>
        </test-method> <!-- tearDownClass -->
      </class> <!-- Runner.RunCuke -->
    </test> <!-- Test -->
  </suite> <!-- Suite -->
</testng-results>
